<?xml version="1.0" encoding="UTF-8"?>
<testsuite name="tests.GroupCreationTests" tests="11" skipped="0" failures="0" errors="0" timestamp="2025-04-14T13:54:01" hostname="LAPTOP-2BNB7IOO" time="26.608">
  <properties/>
  <testcase name="[1] GroupData[id=, name=, header=, footer=]" classname="tests.GroupCreationTests" time="11.507"/>
  <testcase name="[2] GroupData[id=, name=, header=, footer=some footer]" classname="tests.GroupCreationTests" time="1.491"/>
  <testcase name="[3] GroupData[id=, name=, header=some header, footer=]" classname="tests.GroupCreationTests" time="1.54"/>
  <testcase name="[4] GroupData[id=, name=, header=some header, footer=some footer]" classname="tests.GroupCreationTests" time="1.493"/>
  <testcase name="[5] GroupData[id=, name=group, header=, footer=]" classname="tests.GroupCreationTests" time="1.767"/>
  <testcase name="[6] GroupData[id=, name=group, header=, footer=some footer]" classname="tests.GroupCreationTests" time="1.478"/>
  <testcase name="[7] GroupData[id=, name=group, header=some header, footer=]" classname="tests.GroupCreationTests" time="1.426"/>
  <testcase name="[8] GroupData[id=, name=group, header=some header, footer=some footer]" classname="tests.GroupCreationTests" time="1.556"/>
  <testcase name="[9] GroupData[id=, name=, header=, footer=]" classname="tests.GroupCreationTests" time="1.391"/>
  <testcase name="[10] GroupData[id=, name=edmy, header=ylpa, footer=lczf]" classname="tests.GroupCreationTests" time="1.437"/>
  <testcase name="[11] GroupData[id=, name=ehcbcmoq, header=kobsbpqo, footer=oplgggwo]" classname="tests.GroupCreationTests" time="1.496"/>
  <system-out><![CDATA[]]></system-out>
  <system-err><![CDATA[Apr 14, 2025 3:54:08 PM org.hibernate.Version logVersion
INFO: HHH000412: Hibernate ORM core version 6.6.13.Final
Apr 14, 2025 3:54:08 PM org.hibernate.cache.internal.RegionFactoryInitiator initiateService
INFO: HHH000026: Second-level cache disabled
Apr 14, 2025 3:54:08 PM org.hibernate.engine.jdbc.connections.internal.DriverManagerConnectionProviderImpl configure
WARN: HHH10001002: Using built-in connection pool (not intended for production use)
Apr 14, 2025 3:54:08 PM org.hibernate.dialect.Dialect checkVersion
WARN: HHH000511: The 5.5.5 version for [org.hibernate.dialect.MySQLDialect] is no longer supported, hence certain features may not work properly. The minimum supported version is 8.0.0. Check the community dialects project for available legacy versions.
Apr 14, 2025 3:54:08 PM org.hibernate.engine.jdbc.env.internal.JdbcEnvironmentInitiator initiateService
INFO: HHH10001005: Database info:
	Database JDBC URL [jdbc:mysql://localhost/addressbook]
	Database driver: com.mysql.cj.jdbc.Driver
	Database version: 5.5.5
	Autocommit mode: false
	Isolation level: undefined/unknown
	Minimum pool size: 1
	Maximum pool size: 20
Apr 14, 2025 3:54:10 PM org.hibernate.engine.transaction.jta.platform.internal.JtaPlatformInitiator initiateService
INFO: HHH000489: No JTA platform available (set 'hibernate.transaction.jta.platform' to enable JTA platform integration)
]]></system-err>
</testsuite>
