<?xml version="1.0" encoding="UTF-8"?>
<testsuite name="tests.ContactsInGroups" tests="1" skipped="0" failures="0" errors="0" timestamp="2025-04-25T13:49:40" hostname="LAPTOP-2BNB7IOO" time="10.497">
  <properties/>
  <testcase name="canUnbindContactFromGroup()" classname="tests.ContactsInGroups" time="10.497"/>
  <system-out><![CDATA[Связей больше нет.
]]></system-out>
  <system-err><![CDATA[Apr 25, 2025 3:49:43 PM org.openqa.selenium.devtools.CdpVersionFinder findNearestMatch
WARNING: Unable to find an exact match for CDP version 135, returning the closest version; found: 134; Please update to a Selenium version that supports CDP version 135
Apr 25, 2025 3:49:44 PM org.hibernate.Version logVersion
INFO: HHH000412: Hibernate ORM core version 6.6.13.Final
Apr 25, 2025 3:49:44 PM org.hibernate.cache.internal.RegionFactoryInitiator initiateService
INFO: HHH000026: Second-level cache disabled
Apr 25, 2025 3:49:45 PM org.hibernate.engine.jdbc.connections.internal.DriverManagerConnectionProviderImpl configure
WARN: HHH10001002: Using built-in connection pool (not intended for production use)
Apr 25, 2025 3:49:45 PM org.hibernate.dialect.Dialect checkVersion
WARN: HHH000511: The 5.5.5 version for [org.hibernate.dialect.MySQLDialect] is no longer supported, hence certain features may not work properly. The minimum supported version is 8.0.0. Check the community dialects project for available legacy versions.
Apr 25, 2025 3:49:45 PM org.hibernate.engine.jdbc.env.internal.JdbcEnvironmentInitiator initiateService
INFO: HHH10001005: Database info:
	Database JDBC URL [jdbc:mysql://localhost/addressbook?zeroDateTimeBehavior=CONVERT_TO_NULL]
	Database driver: com.mysql.cj.jdbc.Driver
	Database version: 5.5.5
	Autocommit mode: false
	Isolation level: undefined/unknown
	Minimum pool size: 1
	Maximum pool size: 20
Apr 25, 2025 3:49:47 PM org.hibernate.engine.transaction.jta.platform.internal.JtaPlatformInitiator initiateService
INFO: HHH000489: No JTA platform available (set 'hibernate.transaction.jta.platform' to enable JTA platform integration)
]]></system-err>
</testsuite>
